09:54:40.462 [main] INFO  dev.service.CalculServiceTest -
				Etant donné, une instance de la classe CalculService
09:54:40.477 [main] INFO  dev.service.CalculServiceTest -
				Lorsque j'évalue l'addition de l'expression 1+3+4
09:54:40.477 [main] DEBUG dev.service.CalculService -
				Evaluation de l'expression 1+3+4
09:54:40.477 [main] INFO  dev.service.CalculServiceTest -
				Alors j'obtiens le résultat 8
09:59:50.182 [main] INFO  dev.service.CalculServiceTest -
				Etant donné, une instance de la classe CalculService
09:59:50.182 [main] INFO  dev.service.CalculServiceTest -
				Lorsque j'évalue l'addition de l'expression 1+3+4
09:59:50.182 [main] DEBUG dev.service.CalculService -
				Evaluation de l'expression 1+3+4
10:00:41.912 [main] INFO  dev.service.CalculServiceTest -
				Etant donné, une instance de la classe CalculService
10:00:41.912 [main] INFO  dev.service.CalculServiceTest -
				Lorsque j'évalue l'addition de l'expression 1+3+4
10:00:41.912 [main] DEBUG dev.service.CalculService -
				Evaluation de l'expression 1+3+4
10:01:22.786 [main] INFO  dev.service.CalculServiceTest -
				Etant donné, une instance de la classe CalculService
10:01:22.786 [main] INFO  dev.service.CalculServiceTest -
				Lorsque j'évalue l'addition de l'expression 1+3+4
10:01:22.786 [main] DEBUG dev.service.CalculService -
				Evaluation de l'expression 1+3+4
10:01:35.205 [main] INFO  dev.service.CalculServiceTest -
				Etant donné, une instance de la classe CalculService
10:01:35.205 [main] INFO  dev.service.CalculServiceTest -
				Lorsque j'évalue l'addition de l'expression 1+3+4
10:01:35.205 [main] DEBUG dev.service.CalculService -
				Evaluation de l'expression 1+3+4
10:01:35.205 [main] INFO  dev.service.CalculServiceTest -
				Alors j'obtiens le résultat 8
10:03:15.239 [main] INFO  dev.service.CalculServiceTest -
				Etant donné, une instance de la classe CalculService
10:03:15.255 [main] INFO  dev.service.CalculServiceTest -
				Lorsque j'évalue l'addition de l'expression 1+3+4
10:03:15.255 [main] DEBUG dev.service.CalculService -
				Evaluation de l'expression 1+3+4
10:03:15.255 [main] INFO  dev.service.CalculServiceTest -
				Alors j'obtiens le résultat 8
10:04:23.701 [main] INFO  dev.service.CalculServiceTest -
				Etant donné, une instance de la classe CalculService
10:04:23.717 [main] INFO  dev.service.CalculServiceTest -
				Lorsque j'évalue l'addition de l'expression 1+3+4
10:04:23.717 [main] DEBUG dev.service.CalculService -
				Evaluation de l'expression 1+3+4
10:04:23.717 [main] INFO  dev.service.CalculServiceTest -
				Alors j'obtiens le résultat 8
10:05:43.302 [main] INFO  dev.service.CalculServiceTest -
				Etant donné, une instance de la classe CalculService
10:05:43.302 [main] INFO  dev.service.CalculServiceTest -
				Lorsque j'évalue l'addition de l'expression 1+3+4
10:05:43.302 [main] DEBUG dev.service.CalculService -
				Evaluation de l'expression 1+3+4
10:05:43.302 [main] INFO  dev.service.CalculServiceTest -
				0
10:05:43.302 [main] INFO  dev.service.CalculServiceTest -
				Alors j'obtiens le résultat 8
10:06:12.877 [main] INFO  dev.service.CalculServiceTest -
				Etant donné, une instance de la classe CalculService
10:06:12.877 [main] INFO  dev.service.CalculServiceTest -
				Lorsque j'évalue l'addition de l'expression 1+3+4
10:06:12.877 [main] DEBUG dev.service.CalculService -
				Evaluation de l'expression 1+3+4
10:06:12.893 [main] INFO  dev.service.CalculServiceTest -
				Alors j'obtiens le résultat 8
10:10:59.469 [main] INFO  dev.service.CalculServiceTest -
				Etant donné, une instance de la classe CalculService
10:10:59.485 [main] INFO  dev.service.CalculServiceTest -
				Lorsque j'évalue l'addition de l'expression invalide 1*a*4
10:10:59.485 [main] DEBUG dev.service.CalculService -
				Evaluation de l'expression 1+3+4
10:10:59.485 [main] INFO  dev.service.CalculServiceTest -
				Alors j'obtiens une CalculException.
10:10:59.501 [main] INFO  dev.service.CalculServiceTest -
				Etant donné, une instance de la classe CalculService
10:10:59.501 [main] INFO  dev.service.CalculServiceTest -
				Lorsque j'évalue l'addition de l'expression 1+3+4
10:10:59.501 [main] DEBUG dev.service.CalculService -
				Evaluation de l'expression 1+3+4
10:10:59.501 [main] INFO  dev.service.CalculServiceTest -
				Alors j'obtiens le résultat 8
10:10:59.501 [main] INFO  dev.service.CalculServiceTest -
				Lorsque j'évalue l'addition de l'expression invalide 1*a*4
10:10:59.501 [main] DEBUG dev.service.CalculService -
				Evaluation de l'expression 1+3+4
10:10:59.501 [main] INFO  dev.service.CalculServiceTest -
				Alors j'obtiens une 
10:13:35.332 [main] INFO  dev.service.CalculServiceTest -
				Etant donné, une instance de la classe CalculService
10:13:35.348 [main] INFO  dev.service.CalculServiceTest -
				Lorsque j'évalue l'addition de l'expression invalide 1*a*4
10:13:35.348 [main] DEBUG dev.service.CalculService -
				Evaluation de l'expression 1+3+4
10:13:35.348 [main] INFO  dev.service.CalculServiceTest -
				Alors j'obtiens une CalculException.
10:13:35.348 [main] INFO  dev.service.CalculServiceTest -
				Etant donné, une instance de la classe CalculService
10:13:35.348 [main] INFO  dev.service.CalculServiceTest -
				Lorsque j'évalue l'addition de l'expression 1+3+4
10:13:35.348 [main] DEBUG dev.service.CalculService -
				Evaluation de l'expression 1+3+4
10:13:35.348 [main] INFO  dev.service.CalculServiceTest -
				Alors j'obtiens le résultat 8
10:13:35.348 [main] INFO  dev.service.CalculServiceTest -
				Lorsque j'évalue l'addition de l'expression invalide 1*a*4
10:13:35.348 [main] DEBUG dev.service.CalculService -
				Evaluation de l'expression 1+3+4
10:13:35.348 [main] INFO  dev.service.CalculServiceTest -
				Alors j'obtiens une 
10:14:13.970 [main] INFO  dev.service.CalculServiceTest -
				Etant donné, une instance de la classe CalculService
10:14:13.970 [main] INFO  dev.service.CalculServiceTest -
				Lorsque j'évalue l'addition de l'expression invalide 1*a*4
10:14:13.970 [main] DEBUG dev.service.CalculService -
				Evaluation de l'expression 1*a*4
10:14:13.985 [main] INFO  dev.service.CalculServiceTest -
				Etant donné, une instance de la classe CalculService
10:14:13.985 [main] INFO  dev.service.CalculServiceTest -
				Lorsque j'évalue l'addition de l'expression 1+3+4
10:14:13.985 [main] DEBUG dev.service.CalculService -
				Evaluation de l'expression 1+3+4
10:14:13.985 [main] INFO  dev.service.CalculServiceTest -
				Alors j'obtiens le résultat 8
10:14:13.985 [main] INFO  dev.service.CalculServiceTest -
				Lorsque j'évalue l'addition de l'expression invalide 1*a*4
10:14:13.985 [main] DEBUG dev.service.CalculService -
				Evaluation de l'expression 1+3+4
10:14:13.985 [main] INFO  dev.service.CalculServiceTest -
				Alors j'obtiens une 
10:14:36.712 [main] INFO  dev.service.CalculServiceTest -
				Etant donné, une instance de la classe CalculService
10:14:36.712 [main] INFO  dev.service.CalculServiceTest -
				Lorsque j'évalue l'addition de l'expression invalide 1*a*4
10:14:36.712 [main] DEBUG dev.service.CalculService -
				Evaluation de l'expression 1*a*4
10:14:36.712 [main] INFO  dev.service.CalculServiceTest -
				Etant donné, une instance de la classe CalculService
10:14:36.712 [main] INFO  dev.service.CalculServiceTest -
				Lorsque j'évalue l'addition de l'expression 1+3+4
10:14:36.712 [main] DEBUG dev.service.CalculService -
				Evaluation de l'expression 1+3+4
10:14:36.712 [main] INFO  dev.service.CalculServiceTest -
				Alors j'obtiens le résultat 8
10:14:36.712 [main] INFO  dev.service.CalculServiceTest -
				Lorsque j'évalue l'addition de l'expression invalide 1*a*4
10:14:36.712 [main] DEBUG dev.service.CalculService -
				Evaluation de l'expression 1+3+4
10:14:36.712 [main] INFO  dev.service.CalculServiceTest -
				Alors j'obtiens une 
10:19:05.765 [main] INFO  dev.service.CalculServiceTest -
				Etant donné, une instance de la classe CalculService
10:19:05.781 [main] INFO  dev.service.CalculServiceTest -
				Lorsque j'évalue l'addition de l'expression invalide 1*a*4
10:19:05.781 [main] DEBUG dev.service.CalculService -
				Evaluation de l'expression 1*a*4
10:19:05.781 [main] INFO  dev.service.CalculServiceTest -
				Etant donné, une instance de la classe CalculService
10:19:05.781 [main] INFO  dev.service.CalculServiceTest -
				Lorsque j'évalue l'addition de l'expression 1+3+4
10:19:05.781 [main] DEBUG dev.service.CalculService -
				Evaluation de l'expression 1+3+4
10:19:05.781 [main] INFO  dev.service.CalculServiceTest -
				Alors j'obtiens le résultat 8
10:19:15.219 [main] INFO  dev.service.CalculServiceTest -
				Etant donné, une instance de la classe CalculService
10:19:15.234 [main] INFO  dev.service.CalculServiceTest -
				Lorsque j'évalue l'addition de l'expression invalide 1*a*4
10:19:15.234 [main] DEBUG dev.service.CalculService -
				Evaluation de l'expression 1*a*4
10:19:15.234 [main] INFO  dev.service.CalculServiceTest -
				Etant donné, une instance de la classe CalculService
10:19:15.234 [main] INFO  dev.service.CalculServiceTest -
				Lorsque j'évalue l'addition de l'expression 1+3+4
10:19:15.234 [main] DEBUG dev.service.CalculService -
				Evaluation de l'expression 1+3+4
10:19:15.234 [main] INFO  dev.service.CalculServiceTest -
				Alors j'obtiens le résultat 8
10:19:49.169 [main] INFO  dev.service.CalculServiceTest -
				Etant donné, une instance de la classe CalculService
10:19:49.169 [main] INFO  dev.service.CalculServiceTest -
				Lorsque j'évalue l'addition de l'expression invalide 1*a*4
10:19:49.169 [main] INFO  dev.service.CalculServiceTest -
				Alors j'obtiens une CalculException.
10:19:49.262 [main] DEBUG dev.service.CalculService -
				Evaluation de l'expression 1*a*4
10:19:49.262 [main] INFO  dev.service.CalculServiceTest -
				Etant donné, une instance de la classe CalculService
10:19:49.262 [main] INFO  dev.service.CalculServiceTest -
				Lorsque j'évalue l'addition de l'expression 1+3+4
10:19:49.262 [main] DEBUG dev.service.CalculService -
				Evaluation de l'expression 1+3+4
10:19:49.262 [main] INFO  dev.service.CalculServiceTest -
				Alors j'obtiens le résultat 8
10:21:41.091 [main] INFO  dev.service.CalculServiceTest -
				Etant donné, une instance de la classe CalculService
10:21:41.091 [main] INFO  dev.service.CalculServiceTest -
				Lorsque j'évalue l'addition de l'expression invalide 1*a*4
10:21:41.091 [main] INFO  dev.service.CalculServiceTest -
				Alors j'obtiens une CalculException.
10:21:41.193 [main] DEBUG dev.service.CalculService -
				Evaluation de l'expression 1*a*4
10:21:41.208 [main] INFO  dev.service.CalculServiceTest -
				Etant donné, une instance de la classe CalculService
10:21:41.208 [main] INFO  dev.service.CalculServiceTest -
				Lorsque j'évalue l'addition de l'expression 1+3+4
10:21:41.208 [main] DEBUG dev.service.CalculService -
				Evaluation de l'expression 1+3+4
10:21:41.208 [main] INFO  dev.service.CalculServiceTest -
				Alors j'obtiens le résultat 8
10:30:57.733 [main] INFO  dev.console.AppTest -
				Etant donné, un service CalculService qui retourne 35 à l'évaluation de l'expression 1+34
10:30:57.749 [main] INFO  dev.console.AppTest -
				Lorsque la méthode evaluer est invoquée
10:30:57.749 [main] INFO  dev.console.AppTest -
				Alors le service est invoqué avec l'expression 1+34
10:31:15.995 [main] INFO  dev.console.AppTest -
				Etant donné, un service CalculService qui retourne 35 à l'évaluation de l'expression 1+34
10:31:15.995 [main] INFO  dev.console.AppTest -
				Lorsque la méthode evaluer est invoquée
10:31:15.995 [main] INFO  dev.console.AppTest -
				Alors le service est invoqué avec l'expression 1+34
10:32:39.694 [main] INFO  dev.console.AppTest -
				Etant donné, un service CalculService qui retourne 35 à l'évaluation de l'expression 1+34
10:32:39.694 [main] INFO  dev.console.AppTest -
				Lorsque la méthode evaluer est invoquée
10:32:39.694 [main] INFO  dev.console.AppTest -
				Alors le service est invoqué avec l'expression 1+34
10:32:39.709 [main] INFO  dev.console.AppTest -
				Alors dans la console, s'affiche 1+34=35
10:36:47.249 [main] INFO  dev.console.AppTest -
				Etant donné, un service CalculService qui retourne 35 à l'évaluation de l'expression 1+34
10:36:47.264 [main] INFO  dev.console.AppTest -
				Lorsque la méthode evaluer est invoquée
10:36:47.264 [main] INFO  dev.console.AppTest -
				Alors le service est invoqué avec l'expression 1+34
10:36:47.264 [main] INFO  dev.console.AppTest -
				Alors dans la console, s'affiche 1+34=35
10:36:47.295 [main] INFO  dev.console.AppTest -
				Etant donné, un service CalculService qui throw un CalculException à l'évaluation de l'expression 1*b
10:36:47.295 [main] INFO  dev.console.AppTest -
				Lorsque la méthode evaluer est invoquée
10:39:25.131 [main] INFO  dev.console.AppTest -
				Etant donné, un service CalculService qui retourne 35 à l'évaluation de l'expression 1+34
10:39:25.131 [main] INFO  dev.console.AppTest -
				Lorsque la méthode evaluer est invoquée
10:39:25.146 [main] INFO  dev.console.AppTest -
				Alors le service est invoqué avec l'expression 1+34
10:39:25.146 [main] INFO  dev.console.AppTest -
				Alors dans la console, s'affiche 1+34=35
10:39:25.178 [main] INFO  dev.console.AppTest -
				Etant donné, un service CalculService qui throw un CalculException à l'évaluation de l'expression 1*b
10:39:25.178 [main] INFO  dev.console.AppTest -
				Lorsque la méthode evaluer est invoquée
10:39:25.178 [main] INFO  dev.console.App -
				L'expression 1*b est invalide.
10:39:25.178 [main] INFO  dev.console.AppTest -
				Alors le service est invoqué avec l'expression 1*b
10:39:25.178 [main] INFO  dev.console.AppTest -
				Alors dans la console, s'affiche L'expression 1*b est invalide.
10:41:34.189 [main] INFO  dev.console.AppTest -
				Etant donné, un service CalculService qui retourne 35 à l'évaluation de l'expression 1+34
10:41:34.205 [main] INFO  dev.console.AppTest -
				Lorsque la méthode evaluer est invoquée
10:41:34.205 [main] INFO  dev.console.AppTest -
				Alors le service est invoqué avec l'expression 1+34
10:41:34.205 [main] INFO  dev.console.AppTest -
				Alors dans la console, s'affiche 1+34=35
10:41:34.252 [main] INFO  dev.console.AppTest -
				Etant donné, un service CalculService qui throw un CalculException à l'évaluation de l'expression 1*b
10:41:34.252 [main] INFO  dev.console.AppTest -
				Lorsque la méthode evaluer est invoquée
10:41:34.252 [main] INFO  dev.console.AppTest -
				Alors le service est invoqué avec l'expression 1*b
10:41:34.252 [main] INFO  dev.console.AppTest -
				Alors dans la console, s'affiche l'expression 1*b est invalide.
10:45:53.651 [main] INFO  dev.console.AppTest -
				Etant donné, un service CalculService qui retourne 35 à l'évaluation de l'expression 1+34
10:45:53.667 [main] INFO  dev.console.AppTest -
				Lorsque la méthode evaluer est invoquée
10:45:53.667 [main] INFO  dev.console.AppTest -
				Alors le service est invoqué avec l'expression 1+34
10:45:53.667 [main] INFO  dev.console.AppTest -
				Alors dans la console, s'affiche 1+34=35
10:45:53.698 [main] INFO  dev.console.AppTest -
				Etant donné, un service CalculService qui throw un CalculException à l'évaluation de l'expression 1*b
10:45:53.698 [main] INFO  dev.console.AppTest -
				Lorsque la méthode evaluer est invoquée
10:45:53.698 [main] INFO  dev.console.AppTest -
				Alors dans la console, s'affiche l'expression 1*b est invalide.
10:46:16.434 [main] INFO  dev.console.AppTest -
				Etant donné, un service CalculService qui retourne 35 à l'évaluation de l'expression 1+34
10:46:16.450 [main] INFO  dev.console.AppTest -
				Lorsque la méthode evaluer est invoquée
10:46:16.450 [main] INFO  dev.console.AppTest -
				Alors le service est invoqué avec l'expression 1+34
10:46:16.450 [main] INFO  dev.console.AppTest -
				Alors dans la console, s'affiche 1+34=35
10:46:16.481 [main] INFO  dev.console.AppTest -
				Etant donné, un service CalculService qui throw un CalculException à l'évaluation de l'expression 1*b
10:46:16.481 [main] INFO  dev.console.AppTest -
				Lorsque la méthode evaluer est invoquée
10:46:16.497 [main] INFO  dev.console.AppTest -
				Alors dans la console, s'affiche l'expression 1*b est invalide.
10:46:55.537 [main] INFO  dev.console.AppTest -
				Etant donné, un service CalculService qui retourne 35 à l'évaluation de l'expression 1+34
10:46:55.537 [main] INFO  dev.console.AppTest -
				Lorsque la méthode evaluer est invoquée
10:46:55.537 [main] INFO  dev.console.AppTest -
				Alors le service est invoqué avec l'expression 1+34
10:46:55.552 [main] INFO  dev.console.AppTest -
				Alors dans la console, s'affiche 1+34=35
10:46:55.599 [main] INFO  dev.console.AppTest -
				Etant donné, un service CalculService qui throw un CalculException à l'évaluation de l'expression 1*b
10:46:55.599 [main] INFO  dev.console.AppTest -
				Lorsque la méthode evaluer est invoquée
10:46:55.599 [main] INFO  dev.console.AppTest -
				Alors dans la console, s'affiche l'expression 1*b est invalide.
